#! /c/Source/iverilog-install/bin/vvp
:ivl_version "12.0 (devel)" "(s20150603-1539-g2693dd32b)";
:ivl_delay_selection "TYPICAL";
:vpi_time_precision - 12;
:vpi_module "C:\iverilog\lib\ivl\system.vpi";
:vpi_module "C:\iverilog\lib\ivl\vhdl_sys.vpi";
:vpi_module "C:\iverilog\lib\ivl\vhdl_textio.vpi";
:vpi_module "C:\iverilog\lib\ivl\v2005_math.vpi";
:vpi_module "C:\iverilog\lib\ivl\va_math.vpi";
S_0000022abf812e10 .scope module, "butterfly_dit" "butterfly_dit" 2 3;
 .timescale -9 -12;
    .port_info 0 /INPUT 1 "clk";
    .port_info 1 /INPUT 1 "rst";
    .port_info 2 /INPUT 32 "in_x0";
    .port_info 3 /INPUT 32 "in_x1";
    .port_info 4 /INPUT 32 "w";
    .port_info 5 /OUTPUT 32 "out_x0";
    .port_info 6 /OUTPUT 32 "out_x1";
P_0000022abf812fa0 .param/l "DATA_WIDTH" 0 2 4, +C4<00000000000000000000000000010000>;
P_0000022abf812fd8 .param/l "FACTOR_WIDTH" 0 2 5, +C4<00000000000000000000000000010000>;
P_0000022abf813010 .param/l "FRAC_BITS" 0 2 6, +C4<00000000000000000000000000001110>;
o0000022abf852fa8 .functor BUFZ 1, C4<z>; HiZ drive
v0000022abf836ed0_0 .net "clk", 0 0, o0000022abf852fa8;  0 drivers
v0000022abf8132f0_0 .var "count", 0 0;
o0000022abf853008 .functor BUFZ 32, C4<zzzzzzzzzzzzzzzzzzzzzzzzzzzzzzzz>; HiZ drive
v0000022abf813050_0 .net "in_x0", 31 0, o0000022abf853008;  0 drivers
o0000022abf853038 .functor BUFZ 32, C4<zzzzzzzzzzzzzzzzzzzzzzzzzzzzzzzz>; HiZ drive
v0000022abf8130f0_0 .net "in_x1", 31 0, o0000022abf853038;  0 drivers
v0000022abf8438f0_0 .var/s "m1", 31 0;
v0000022abf843990_0 .var/s "m2", 31 0;
v0000022abf843a30_0 .var "out_x0", 31 0;
v0000022abf843ad0_0 .var "out_x1", 31 0;
v0000022abf843b70_0 .var/s "reg_mul_im", 15 0;
v0000022abf843c10_0 .var/s "reg_mul_re", 15 0;
v0000022abf843d00_0 .var/s "reg_x0_i", 15 0;
v0000022abf8448e0_0 .var/s "reg_x0_r", 15 0;
o0000022abf8531e8 .functor BUFZ 1, C4<z>; HiZ drive
v0000022abf844980_0 .net "rst", 0 0, o0000022abf8531e8;  0 drivers
o0000022abf853218 .functor BUFZ 32, C4<zzzzzzzzzzzzzzzzzzzzzzzzzzzzzzzz>; HiZ drive
v0000022abf844a20_0 .net "w", 31 0, o0000022abf853218;  0 drivers
v0000022abf8445c0_0 .net/s "w_i", 15 0, L_0000022abf843e40;  1 drivers
v0000022abf844660_0 .net/s "w_r", 15 0, L_0000022abf8443e0;  1 drivers
v0000022abf844340_0 .net/s "x0_i", 15 0, L_0000022abf844c00;  1 drivers
v0000022abf844ac0_0 .net/s "x0_r", 15 0, L_0000022abf844840;  1 drivers
v0000022abf844b60_0 .net/s "x1_i", 15 0, L_0000022abf843da0;  1 drivers
v0000022abf8440c0_0 .net/s "x1_r", 15 0, L_0000022abf844700;  1 drivers
E_0000022abf839ab0 .event posedge, v0000022abf836ed0_0;
L_0000022abf844840 .part o0000022abf853008, 16, 16;
L_0000022abf844c00 .part o0000022abf853008, 0, 16;
L_0000022abf844700 .part o0000022abf853038, 16, 16;
L_0000022abf843da0 .part o0000022abf853038, 0, 16;
L_0000022abf8443e0 .part o0000022abf853218, 16, 16;
L_0000022abf843e40 .part o0000022abf853218, 0, 16;
    .scope S_0000022abf812e10;
T_0 ;
    %wait E_0000022abf839ab0;
    %load/vec4 v0000022abf844980_0;
    %flag_set/vec4 8;
    %jmp/0xz  T_0.0, 8;
    %pushi/vec4 0, 0, 1;
    %assign/vec4 v0000022abf8132f0_0, 0;
    %jmp T_0.1;
T_0.0 ;
    %load/vec4 v0000022abf8132f0_0;
    %inv;
    %assign/vec4 v0000022abf8132f0_0, 0;
T_0.1 ;
    %jmp T_0;
    .thread T_0;
    .scope S_0000022abf812e10;
T_1 ;
    %wait E_0000022abf839ab0;
    %load/vec4 v0000022abf844980_0;
    %flag_set/vec4 8;
    %jmp/0xz  T_1.0, 8;
    %pushi/vec4 0, 0, 16;
    %assign/vec4 v0000022abf8448e0_0, 0;
    %pushi/vec4 0, 0, 16;
    %assign/vec4 v0000022abf843d00_0, 0;
    %pushi/vec4 0, 0, 16;
    %assign/vec4 v0000022abf843c10_0, 0;
    %pushi/vec4 0, 0, 16;
    %assign/vec4 v0000022abf843b70_0, 0;
    %pushi/vec4 0, 0, 32;
    %assign/vec4 v0000022abf8438f0_0, 0;
    %pushi/vec4 0, 0, 32;
    %assign/vec4 v0000022abf843990_0, 0;
    %pushi/vec4 0, 0, 32;
    %assign/vec4 v0000022abf843a30_0, 0;
    %pushi/vec4 0, 0, 32;
    %assign/vec4 v0000022abf843ad0_0, 0;
    %jmp T_1.1;
T_1.0 ;
    %load/vec4 v0000022abf8132f0_0;
    %nor/r;
    %flag_set/vec4 8;
    %jmp/0xz  T_1.2, 8;
    %load/vec4 v0000022abf844ac0_0;
    %assign/vec4 v0000022abf8448e0_0, 0;
    %load/vec4 v0000022abf844340_0;
    %assign/vec4 v0000022abf843d00_0, 0;
    %load/vec4 v0000022abf8440c0_0;
    %pad/s 32;
    %load/vec4 v0000022abf844660_0;
    %pad/s 32;
    %mul;
    %assign/vec4 v0000022abf8438f0_0, 0;
    %load/vec4 v0000022abf844b60_0;
    %pad/s 32;
    %load/vec4 v0000022abf8445c0_0;
    %pad/s 32;
    %mul;
    %assign/vec4 v0000022abf843990_0, 0;
    %jmp T_1.3;
T_1.2 ;
    %load/vec4 v0000022abf8438f0_0;
    %parti/s 16, 14, 5;
    %load/vec4 v0000022abf843990_0;
    %parti/s 16, 14, 5;
    %sub;
    %assign/vec4 v0000022abf843c10_0, 0;
    %load/vec4 v0000022abf8440c0_0;
    %pad/s 32;
    %load/vec4 v0000022abf8445c0_0;
    %pad/s 32;
    %mul;
    %assign/vec4 v0000022abf8438f0_0, 0;
    %load/vec4 v0000022abf844b60_0;
    %pad/s 32;
    %load/vec4 v0000022abf844660_0;
    %pad/s 32;
    %mul;
    %assign/vec4 v0000022abf843990_0, 0;
T_1.3 ;
    %load/vec4 v0000022abf8132f0_0;
    %flag_set/vec4 8;
    %jmp/0xz  T_1.4, 8;
    %load/vec4 v0000022abf8438f0_0;
    %parti/s 16, 14, 5;
    %load/vec4 v0000022abf843990_0;
    %parti/s 16, 14, 5;
    %add;
    %assign/vec4 v0000022abf843b70_0, 0;
    %load/vec4 v0000022abf8448e0_0;
    %load/vec4 v0000022abf843c10_0;
    %add;
    %ix/load 4, 16, 0;
    %ix/load 5, 0, 0;
    %flag_set/imm 4, 0;
    %assign/vec4/off/d v0000022abf843a30_0, 4, 5;
    %load/vec4 v0000022abf843d00_0;
    %load/vec4 v0000022abf843b70_0;
    %add;
    %ix/load 4, 0, 0;
    %ix/load 5, 0, 0;
    %flag_set/imm 4, 0;
    %assign/vec4/off/d v0000022abf843a30_0, 4, 5;
    %load/vec4 v0000022abf8448e0_0;
    %load/vec4 v0000022abf843c10_0;
    %sub;
    %ix/load 4, 16, 0;
    %ix/load 5, 0, 0;
    %flag_set/imm 4, 0;
    %assign/vec4/off/d v0000022abf843ad0_0, 4, 5;
    %load/vec4 v0000022abf843d00_0;
    %load/vec4 v0000022abf843b70_0;
    %sub;
    %ix/load 4, 0, 0;
    %ix/load 5, 0, 0;
    %flag_set/imm 4, 0;
    %assign/vec4/off/d v0000022abf843ad0_0, 4, 5;
T_1.4 ;
T_1.1 ;
    %jmp T_1;
    .thread T_1;
# The file index is used to find the file name in the following table.
:file_names 3;
    "N/A";
    "<interactive>";
    "butterfly_dit.v";
