#! /c/Source/iverilog-install/bin/vvp
:ivl_version "12.0 (devel)" "(s20150603-1539-g2693dd32b)";
:ivl_delay_selection "TYPICAL";
:vpi_time_precision - 12;
:vpi_module "C:\iverilog\lib\ivl\system.vpi";
:vpi_module "C:\iverilog\lib\ivl\vhdl_sys.vpi";
:vpi_module "C:\iverilog\lib\ivl\vhdl_textio.vpi";
:vpi_module "C:\iverilog\lib\ivl\v2005_math.vpi";
:vpi_module "C:\iverilog\lib\ivl\va_math.vpi";
S_0000021aab742d00 .scope module, "dual_port_ram" "dual_port_ram" 2 3;
 .timescale -9 -12;
    .port_info 0 /INPUT 1 "clk";
    .port_info 1 /INPUT 1 "wr_en";
    .port_info 2 /INPUT 13 "wr_addr";
    .port_info 3 /INPUT 13 "rd_addr";
    .port_info 4 /INPUT 32 "wr_in";
    .port_info 5 /OUTPUT 32 "rd_out";
P_0000021aab743660 .param/l "ADDR_WIDTH" 0 2 5, +C4<00000000000000000000000000001101>;
P_0000021aab743698 .param/l "DATA_WIDTH" 0 2 4, +C4<00000000000000000000000000100000>;
o0000021aab776fb8 .functor BUFZ 1, C4<z>; HiZ drive
v0000021aab7432d0_0 .net "clk", 0 0, o0000021aab776fb8;  0 drivers
v0000021aab742e90 .array "ram", 8191 0, 31 0;
o0000021aab776fe8 .functor BUFZ 13, C4<zzzzzzzzzzzzz>; HiZ drive
v0000021aab742f30_0 .net "rd_addr", 12 0, o0000021aab776fe8;  0 drivers
v0000021aab742fd0_0 .var "rd_out", 31 0;
o0000021aab777048 .functor BUFZ 13, C4<zzzzzzzzzzzzz>; HiZ drive
v0000021aab743070_0 .net "wr_addr", 12 0, o0000021aab777048;  0 drivers
o0000021aab777078 .functor BUFZ 1, C4<z>; HiZ drive
v0000021aab743110_0 .net "wr_en", 0 0, o0000021aab777078;  0 drivers
o0000021aab7770a8 .functor BUFZ 32, C4<zzzzzzzzzzzzzzzzzzzzzzzzzzzzzzzz>; HiZ drive
v0000021aab6bbb90_0 .net "wr_in", 31 0, o0000021aab7770a8;  0 drivers
E_0000021aab776800 .event posedge, v0000021aab7432d0_0;
    .scope S_0000021aab742d00;
T_0 ;
    %wait E_0000021aab776800;
    %load/vec4 v0000021aab743110_0;
    %flag_set/vec4 8;
    %jmp/0xz  T_0.0, 8;
    %load/vec4 v0000021aab6bbb90_0;
    %load/vec4 v0000021aab743070_0;
    %pad/u 15;
    %ix/vec4 3;
    %ix/load 4, 0, 0; Constant delay
    %assign/vec4/a/d v0000021aab742e90, 0, 4;
T_0.0 ;
    %jmp T_0;
    .thread T_0;
    .scope S_0000021aab742d00;
T_1 ;
    %wait E_0000021aab776800;
    %load/vec4 v0000021aab742f30_0;
    %pad/u 15;
    %ix/vec4 4;
    %load/vec4a v0000021aab742e90, 4;
    %assign/vec4 v0000021aab742fd0_0, 0;
    %jmp T_1;
    .thread T_1;
# The file index is used to find the file name in the following table.
:file_names 3;
    "N/A";
    "<interactive>";
    "dual_port_ram.v";
